
Found perl:
   /usr/bin/perl
   This is perl 5, version 18, subversion 4 (v5.18.4) built for darwin-thread-multi-2level

Found java:
   /usr/bin/java
   java version "11.0.19" 2023-04-18 LTS

Found canu:
   /Users/pfb11/problemsets/genome-assembly/canu-2.2/bin/canu
   canu 2.2

Running job 1 based on command line options.
-- Using seqFile '../ecoli-75.ctgStore/partition.0001'.
-- Opening tigStore '../ecoli-75.ctgStore' version 1.
-- Opening output results file './ctgcns/0001.cns.WORKING'.
--
-- Computing consensus for b=0 to e=55 with errorRate 0.0750 (max 0.4000) and minimum overlap 500
--
Loading corrected-trimmed reads from seqFile '../ecoli-75.ctgStore/partition.0001'
Consensus finished successfully.

Bye.
                           ----------CONTAINED READS----------  -DOVETAIL  READS-
  tigID    length   reads      used coverage  ignored coverage      used coverage
------- --------- -------  -------- -------- -------- --------  -------- --------
      1    723656    1162      1009    9.26x        0    0.00x       153    3.91x

Processed 1 tig and 0 singletons.

