
Found perl:
   /usr/bin/perl
   This is perl 5, version 18, subversion 4 (v5.18.4) built for darwin-thread-multi-2level

Found java:
   /usr/bin/java
   java version "11.0.19" 2023-04-18 LTS

Found canu:
   /Users/pfb11/problemsets/genome-assembly/canu-2.2/bin/canu
   canu 2.2

Running job 4 based on command line options.
-- Using seqFile '../ecoli-75.ctgStore/partition.0004'.
-- Opening tigStore '../ecoli-75.ctgStore' version 1.
-- Opening output results file './ctgcns/0004.cns.WORKING'.
--
-- Computing consensus for b=0 to e=55 with errorRate 0.0750 (max 0.4000) and minimum overlap 500
--
Loading corrected-trimmed reads from seqFile '../ecoli-75.ctgStore/partition.0004'
Consensus finished successfully.

Bye.
                           ----------CONTAINED READS----------  -DOVETAIL  READS-
  tigID    length   reads      used coverage  ignored coverage      used coverage
------- --------- -------  -------- -------- -------- --------  -------- --------
      4    406781     678       591    9.99x        0    0.00x        87    4.11x
     12    149346     199       166    7.75x        0    0.00x        33    3.92x
     17     41975      54        48    6.73x        0    0.00x         6    2.34x

Processed 3 tigs and 5 singletons.

