
Found perl:
   /usr/bin/perl
   This is perl 5, version 18, subversion 4 (v5.18.4) built for darwin-thread-multi-2level

Found java:
   /usr/bin/java
   java version "11.0.19" 2023-04-18 LTS

Found canu:
   /Users/pfb11/problemsets/genome-assembly/canu-2.2/bin/canu
   canu 2.2

Running job 7 based on command line options.
-- Using seqFile '../ecoli-75.ctgStore/partition.0007'.
-- Opening tigStore '../ecoli-75.ctgStore' version 1.
-- Opening output results file './ctgcns/0007.cns.WORKING'.
--
-- Computing consensus for b=0 to e=55 with errorRate 0.0750 (max 0.4000) and minimum overlap 500
--
Loading corrected-trimmed reads from seqFile '../ecoli-75.ctgStore/partition.0007'
Consensus finished successfully.

Bye.
                           ----------CONTAINED READS----------  -DOVETAIL  READS-
  tigID    length   reads      used coverage  ignored coverage      used coverage
------- --------- -------  -------- -------- -------- --------  -------- --------
      8    253718     409       353    8.96x        0    0.00x        56    3.70x
      9    221031     362       320   10.47x        0    0.00x        42    3.52x
     16     85255     134       119    7.56x        0    0.00x        15    3.13x

Processed 3 tigs and 0 singletons.

