
Found perl:
   /usr/bin/perl
   This is perl 5, version 18, subversion 4 (v5.18.4) built for darwin-thread-multi-2level

Found java:
   /usr/bin/java
   java version "11.0.19" 2023-04-18 LTS

Found canu:
   /Users/pfb11/problemsets/genome-assembly/canu-2.2/bin/canu
   canu 2.2

Running job 6 based on command line options.
-- Using seqFile '../ecoli-75.ctgStore/partition.0006'.
-- Opening tigStore '../ecoli-75.ctgStore' version 1.
-- Opening output results file './ctgcns/0006.cns.WORKING'.
--
-- Computing consensus for b=0 to e=55 with errorRate 0.0750 (max 0.4000) and minimum overlap 500
--
Loading corrected-trimmed reads from seqFile '../ecoli-75.ctgStore/partition.0006'
Consensus finished successfully.

Bye.
                           ----------CONTAINED READS----------  -DOVETAIL  READS-
  tigID    length   reads      used coverage  ignored coverage      used coverage
------- --------- -------  -------- -------- -------- --------  -------- --------
      6    313472     462       406    8.73x        0    0.00x        56    3.33x
      7    247538     427       372   10.69x        0    0.00x        55    4.04x

Processed 2 tigs and 0 singletons.

