GRMZM2G015933	GRMZM2G015933	GRMZM2G015933	Chr2:222675441-222682154	B73.s	Mo17.s	OK	0.689092	576.434	6.72924	-8.49324	0	0	yes
GRMZM2G019090	GRMZM2G019090	GRMZM2G019090	Chr3:136264583-136323848	B73.s	Mo17.s	OK	0.465338	550.737	7.07625	-8.94764	0	0	yes
GRMZM2G019404	GRMZM2G019404	GRMZM2G019404	Chr2:4299118-4307332	B73.s	Mo17.s	OK	123.894	367.793	1.08809	-64.7157	0	0	yes
GRMZM2G020423	GRMZM2G020423	GRMZM2G020423	Chr3:132018781-132020128	B73.s	Mo17.s	OK	384.206	0.454383	-6.73999	10.7834	0	0	yes
GRMZM2G022958	GRMZM2G022958	GRMZM2G022958	Chr8:163002197-163002947	B73.s	Mo17.s	OK	0.381661	983.831	7.85467	-10.0168	0	0	yes
GRMZM2G027995	GRMZM2G027995	GRMZM2G027995	Chr6:87119197-87123018	B73.s	Mo17.s	OK	272.963	144.581	-0.635498	11.1128	0	0	yes
GRMZM2G031545	GRMZM2G031545	GRMZM2G031545	Chr7:165383928-165386707	B73.s	Mo17.s	OK	1868.85	828.374	-0.813616	9.7103	0	0	yes
GRMZM2G036034	GRMZM2G036034	GRMZM2G036034	Chr2:232101269-232109417	B73.s	Mo17.s	OK	65.189	41.8176	-0.443974	12.6739	0	0	yes
GRMZM2G042118	GRMZM2G042118	GRMZM2G042118	Chr8:162236974-162239554	B73.s	Mo17.s	OK	337.36	145.006	-0.844379	35.8703	0	0	yes
GRMZM2G043336	GRMZM2G043336	GRMZM2G043336	Chr3:132154768-132156292	B73.s	Mo17.s	OK	1154.43	1.13843	-6.92171	12.2434	0	0	yes
GRMZM2G053458	GRMZM2G053458	GRMZM2G053458	Chr1:296017135-296022027	B73.s	Mo17.s	OK	165.042	304.411	0.612182	-13.272	0	0	yes
GRMZM2G057576	GRMZM2G057576	GRMZM2G057576	Chr10:1135113-1145295	B73.s	Mo17.s	OK	47.7539	27.1317	-0.565359	22.1882	0	0	yes
GRMZM2G058675	GRMZM2G058675	GRMZM2G058675	Chr9:33125818-33139794	B73.s	Mo17.s	OK	94.2856	426.332	1.50889	-74.5887	0	0	yes
GRMZM2G063806	GRMZM2G063806	GRMZM2G063806	Chr7:40112695-40119480	B73.s	Mo17.s	OK	45.1327	33.357	-0.30234	10.685	0	0	yes
GRMZM2G063909	GRMZM2G063909	GRMZM2G063909	Chr4:233800182-233811237	B73.s	Mo17.s	OK	234.443	0.640668	-5.90246	12.6205	0	0	yes
GRMZM2G064136	GRMZM2G064136	GRMZM2G064136	Chr5:159683410-159730650	B73.s	Mo17.s	OK	219.162	434.31	0.683946	-25.725	0	0	yes
GRMZM2G067225	GRMZM2G067225	GRMZM2G067225	Chr9:145346838-145349218	B73.s	Mo17.s	OK	149.899	117.044	-0.247408	8.81082	0	0	yes
GRMZM2G069542	GRMZM2G069542	GRMZM2G069542	Chr5:144808459-144816059	B73.s	Mo17.s	OK	60.8609	293.921	1.57472	-85.4713	0	0	yes
GRMZM2G073584	GRMZM2G073584	GRMZM2G073584	Chr3:141261687-141325830	B73.s	Mo17.s	OK	55.4591	86.9532	0.449725	-15.4996	0	0	yes
GRMZM2G075320	GRMZM2G075320	GRMZM2G075320	Chr3:28819049-28829107	B73.s	Mo17.s	OK	27.599	35.564	0.253554	-9.27696	0	0	yes
GRMZM2G081462	GRMZM2G081462	GRMZM2G081462	Chr8:1889240-1891615	B73.s	Mo17.s	OK	180.658	0.241381	-6.61798	11.9697	0	0	yes
GRMZM2G084181	GRMZM2G084181	GRMZM2G084181	Chr2:9114720-9126810	B73.s	Mo17.s	OK	52.746	210.137	1.38227	-93.0685	0	0	yes
GRMZM2G088138	GRMZM2G088138	GRMZM2G088138	Chr4:222472758-222477166	B73.s	Mo17.s	OK	81.6384	0.674684	-4.79581	9.18501	0	0	yes
GRMZM2G094497	GRMZM2G094497	GRMZM2G094497	Chr9:78409590-78421566	B73.s	Mo17.s	OK	326.708	221.28	-0.389638	16.7019	0	0	yes
GRMZM2G094978	GRMZM2G094978	GRMZM2G094978	Chr2:222723205-222731575	B73.s	Mo17.s	OK	124.381	0.732067	-5.13524	8.71013	0	0	yes
GRMZM2G098298	GRMZM2G098298	GRMZM2G098298	Chr5:158865958-158869458	B73.s	Mo17.s	OK	161.158	826.489	1.6348	-90.7983	0	0	yes
GRMZM2G099355	GRMZM2G099355	GRMZM2G099355	Chr9:16108442-16118632	B73.s	Mo17.s	OK	21.7724	26.9294	0.212574	-8.59165	0	0	yes
GRMZM2G104400	GRMZM2G104400	GRMZM2G104400	Chr8:102534749-102538745	B73.s	Mo17.s	OK	92.9476	379.042	1.40561	-12.176	0	0	yes
GRMZM2G105019	GRMZM2G105019	GRMZM2G105019	Chr3:217464400-217471380	B73.s	Mo17.s	OK	77.0854	114.144	0.39255	-14.3213	0	0	yes
GRMZM2G106213	GRMZM2G106213	GRMZM2G106213	Chr2:173380463-173391388	B73.s	Mo17.s	OK	102.821	0.378833	-5.60365	10.0107	0	0	yes
GRMZM2G113250	GRMZM2G113250	GRMZM2G113250	Chr1:296260883-296265865	B73.s	Mo17.s	OK	67.4086	50.5296	-0.288214	9.96052	0	0	yes
GRMZM2G127087	GRMZM2G127087	GRMZM2G127087	Chr10:55603291-55756434	B73.s	Mo17.s	OK	0.413952	858.431	7.63711	-15.4713	0	0	yes
GRMZM2G147884	GRMZM2G147884	GRMZM2G147884	Chr2:38132178-38142127	B73.s	Mo17.s	OK	53.6846	74.004	0.320993	-9.04952	0	0	yes
GRMZM2G149768	GRMZM2G149768	GRMZM2G149768	Chr6:136568620-136572271	B73.s	Mo17.s	OK	318.22	121.793	-0.960423	52.3544	0	0	yes
GRMZM2G150295	GRMZM2G150295	GRMZM2G150295	Chr2:29943553-29946951	B73.s	Mo17.s	OK	244.323	360.811	0.389862	-15.7472	0	0	yes
GRMZM2G152908	GRMZM2G152908	GRMZM2G152908	Chr9:122220189-122226863	B73.s	Mo17.s	OK	872.711	402.844	-0.773056	25.9279	0	0	yes
GRMZM2G157462	GRMZM2G157462	GRMZM2G157462	Chr6:115289929-115298874	B73.s	Mo17.s	OK	34.797	59.3297	0.533578	-18.9033	0	0	yes
GRMZM2G161521	GRMZM2G161521	GRMZM2G161521	Chr4:23072676-23073463	B73.s	Mo17.s	OK	0.463283	423.701	6.81844	-8.70634	0	0	yes
GRMZM2G164229	GRMZM2G164229	GRMZM2G164229	Chr4:1075602-1077563	B73.s	Mo17.s	OK	76.6822	2469.98	3.4723	-8.67456	0	0	yes
GRMZM2G164562	GRMZM2G164562	GRMZM2G164562	Chr1:35455267-35465683	B73.s	Mo17.s	OK	85.5243	135.142	0.457523	-16.3959	0	0	yes
GRMZM2G166646	GRMZM2G166646	GRMZM2G166646	Chr3:6926704-6931400	B73.s	Mo17.s	OK	119.808	79.1943	-0.413983	14.9249	0	0	yes
GRMZM2G170927	GRMZM2G170927	GRMZM2G170927	Chr9:94177709-94183066	B73.s	Mo17.s	OK	80.8181	139.58	0.546434	-25.8495	0	0	yes
GRMZM2G174757	GRMZM2G174757	GRMZM2G174757	Chr1:96834560-96839284	B73.s	Mo17.s	OK	109.046	72.6813	-0.405684	18.3696	0	0	yes
GRMZM2G177828	GRMZM2G177828	GRMZM2G177828	Chr5:49897242-49899430	B73.s	Mo17.s	OK	236.193	654.419	1.0191	-45.0156	0	0	yes
GRMZM2G347056	GRMZM2G347056	GRMZM2G347056	Chr1:292089537-292095812	B73.s	Mo17.s	OK	280.681	181.4	-0.436512	34.4105	0	0	yes
GRMZM2G358059	GRMZM2G358059	GRMZM2G358059	Chr7:24410020-24413947	B73.s	Mo17.s	OK	221.448	82.6932	-0.985051	47.2605	0	0	yes
GRMZM2G419806	GRMZM2G419806	GRMZM2G419806	Chr10:9220899-9225379	B73.s	Mo17.s	OK	127.463	0.436655	-5.67644	10.4703	0	0	yes
GRMZM2G456217	GRMZM2G456217	GRMZM2G456217	Chr1:205422403-205424254	B73.s	Mo17.s	OK	0.0484847	53.6647	7.00926	-8.34081	0	0	yes
GRMZM2G478414	GRMZM2G478414	GRMZM2G478414	Chr3:201182486-201188638	B73.s	Mo17.s	OK	196.247	0.725126	-5.60078	13.2289	0	0	yes
GRMZM2G553687	GRMZM2G553687	GRMZM2G553687	Chr6:112268595-112280791	B73.s	Mo17.s	OK	42.4158	33.5089	-0.23571	9.36801	0	0	yes
GRMZM5G824944	GRMZM5G824944	GRMZM5G824944	Chr7:123475098-123479587	B73.s	Mo17.s	OK	123.341	74.0905	-0.509665	20.7334	0	0	yes
GRMZM5G837108	GRMZM5G837108	GRMZM5G837108	Chr5:203546879-203548693	B73.s	Mo17.s	OK	549.16	260.797	-0.744648	15.228	0	0	yes
GRMZM5G851698	GRMZM5G851698	GRMZM5G851698	Chr2:212136879-212139777	B73.s	Mo17.s	OK	424.812	134.155	-1.15265	21.9763	0	0	yes
GRMZM5G864319	GRMZM5G864319	GRMZM5G864319	Chr9:17315381-17321668	B73.s	Mo17.s	OK	101.258	120.331	0.172579	-9.14388	0	0	yes
GRMZM2G030768	GRMZM2G030768	GRMZM2G030768	Chr4:60805523-60811917	B73.s	Mo17.s	OK	9.51492	0.194835	-3.88846	3.88888	0.000100708	0.00194834	yes
GRMZM2G004528	GRMZM2G004528	GRMZM2G004528	Chr9:149239141-149244235	B73.s	Mo17.s	OK	32.9025	1.12242	-3.37806	3.88801	0.000101067	0.00195255	yes
GRMZM2G030628	GRMZM2G030628	GRMZM2G030628	Chr4:66899010-66909708	B73.s	Mo17.s	OK	19.792	0.407778	-3.88231	3.88274	0.000103284	0.00198979	yes
GRMZM2G007256	GRMZM2G007256	GRMZM2G007256	Chr2:9996605-9997606	B73.s	Mo17.s	OK	6.59174	0.21533	-3.4214	3.87802	0.000105308	0.00202596	yes
GRMZM5G831795	GRMZM5G831795	GRMZM5G831795	Chr2:27806815-27818840	B73.s	Mo17.s	OK	0.688296	10.1974	2.69567	-3.87627	0.00010607	0.00203777	yes
GRMZM2G115705	GRMZM2G115705	GRMZM2G115705	Chr2:7180218-7183810	B73.s	Mo17.s	OK	0.0176667	2.08782	4.77219	-3.87108	0.000108355	0.00207204	yes
GRMZM2G138566	GRMZM2G138566	GRMZM2G138566	Chr4:137374693-137379660	B73.s	Mo17.s	OK	2.67863	0.109852	-3.19393	3.86832	0.000109589	0.00209176	yes
GRMZM2G538535	GRMZM2G538535	GRMZM2G538535	Chr9:41048626-41058528	B73.s	Mo17.s	OK	10.9546	162.748	2.69844	-3.86213	0.000112404	0.00213759	yes
GRMZM2G089713	GRMZM2G089713	GRMZM2G089713	Chr9:11496010-11502772	B73.s	Mo17.s	OK	140.905	549.34	1.36063	-3.84005	0.000123009	0.00231161	yes
GRMZM2G172320	GRMZM2G172320	GRMZM2G172320	Chr7:121675657-121681684	B73.s	Mo17.s	OK	4.06876	0.0374451	-4.68822	3.83672	0.000124691	0.0023379	yes
GRMZM2G147500	GRMZM2G147500	GRMZM2G147500	Chr4:71275416-71281300	B73.s	Mo17.s	OK	51.5916	6.36993	-2.09177	3.83134	0.000127449	0.00238312	yes
GRMZM5G881066	GRMZM5G881066	GRMZM5G881066	Chr6:131147363-131148484	B73.s	Mo17.s	OK	4.54735	0.0499605	-4.51107	3.83045	0.000127911	0.0023896	yes
GRMZM2G085336	GRMZM2G085336	GRMZM2G085336	Chr5:2186823-2188668	B73.s	Mo17.s	OK	12.6895	0.263898	-3.87297	3.82179	0.000132488	0.00246175	yes
GRMZM2G101117	GRMZM2G101117	GRMZM2G101117	Chr7:79970164-79972088	B73.s	Mo17.s	OK	4.53414	0.0944835	-3.87097	3.82124	0.000132782	0.00246611	yes
GRMZM2G179521	GRMZM2G179521	GRMZM2G179521	Chr1:72093977-72113326	B73.s	Mo17.s	OK	3.49149	0.0330524	-4.65999	3.82113	0.00013284	0.00246606	yes
GRMZM2G360792	GRMZM2G360792	GRMZM2G360792	Chr3:142432950-142443706	B73.s	Mo17.s	OK	0.0581529	3.23496	4.0187	-3.81081	0.000138514	0.00255306	yes
GRMZM2G102347	GRMZM2G102347	GRMZM2G102347	Chr1:34405243-34408863	B73.s	Mo17.s	OK	42.1341	4.23127	-2.29836	3.81073	0.000138559	0.00255274	yes
AC205471.4_FG003	AC205471.4_FG003	AC205471.4_FG003	Chr8:125180330-125182094	B73.s	Mo17.s	OK	0.106708	5.74268	3.98558	-3.80194	0.000143567	0.00263445	yes
GRMZM2G331393	GRMZM2G331393	GRMZM2G331393	Chr8:75414352-75416956	B73.s	Mo17.s	OK	0.0430098	4.74733	4.70391	-3.796	0.000147048	0.00269353	yes
GRMZM2G150248	GRMZM2G150248	GRMZM2G150248	Chr10:147593062-147597356	B73.s	Mo17.s	OK	14.2553	126.208	2.1808	-3.78408	0.000154276	0.00279987	yes
GRMZM2G301932	GRMZM2G301932	GRMZM2G301932	Chr7:169923927-169926386	B73.s	Mo17.s	OK	6.0085	0.059285	-4.61857	3.78346	0.000154663	0.00280566	yes
GRMZM2G081666	GRMZM2G081666	GRMZM2G081666	Chr4:226938114-226942400	B73.s	Mo17.s	OK	2.13006	0.0786173	-3.29931	3.78009	0.000156771	0.00283518	yes
GRMZM5G863602	GRMZM5G863602	GRMZM5G863602	Chr9:105251578-105255019	B73.s	Mo17.s	OK	8.81504	0.488011	-2.89388	3.77927	0.000157286	0.00284077	yes
GRMZM2G311756	GRMZM2G311756	GRMZM2G311756	Chr2:37067426-37071749	B73.s	Mo17.s	OK	1.29305	17.9842	2.63249	-3.77183	0.000162052	0.00292174	yes
GRMZM2G339866	GRMZM2G339866	GRMZM2G339866	Chr3:32466335-32467145	B73.s	Mo17.s	OK	65.3216	1.4903	-3.78034	3.77015	0.000163147	0.00293381	yes
GRMZM2G156692	GRMZM2G156692	GRMZM2G156692	Chr7:15316519-15323155	B73.s	Mo17.s	OK	4.79095	0.0132564	-5.89	3.76878	0.000164046	0.0029474	yes
GRMZM2G048584	GRMZM2G048584	GRMZM2G048584	Chr4:209863550-209866333	B73.s	Mo17.s	OK	0.202507	9.95541	3.8951	-3.75977	0.000170072	0.00304245	yes
GRMZM2G493395	GRMZM2G493395	GRMZM2G493395	Chr7:14077851-14081075	B73.s	Mo17.s	OK	0.854532	96.2794	4.72446	-3.75434	0.000173802	0.00309576	yes
GRMZM2G073197	GRMZM2G073197	GRMZM2G073197	Chr2:205638603-205642269	B73.s	Mo17.s	OK	7.17106	0.164737	-3.77346	3.75321	0.000174586	0.00310438	yes
GRMZM2G160327	GRMZM2G160327	GRMZM2G160327	Chr5:158822233-158824128	B73.s	Mo17.s	OK	7.37241	0.172978	-3.75233	3.74611	0.000179597	0.00318253	yes
GRMZM2G095643	GRMZM2G095643	GRMZM2G095643	Chr9:65199638-65279828	B73.s	Mo17.s	OK	0.144883	6.55003	3.8113	-3.74571	0.000179885	0.00318628	yes
GRMZM2G094241	GRMZM2G094241	GRMZM2G094241	Chr8:130850434-130856002	B73.s	Mo17.s	OK	0.644507	18.9874	3.38305	-3.74193	0.00018261	0.00321799	yes
GRMZM2G345687	GRMZM2G345687	GRMZM2G345687	Chr6:136371274-136375815	B73.s	Mo17.s	OK	10.3625	0.389622	-3.28077	3.7383	0.000185265	0.00325922	yes
GRMZM2G113267	GRMZM2G113267	GRMZM2G113267	Chr9:154783552-154787106	B73.s	Mo17.s	OK	86.2759	10.3561	-2.11998	3.73437	0.000188189	0.00330363	yes
GRMZM2G135387	GRMZM2G135387	GRMZM2G135387	Chr2:37191002-37193038	B73.s	Mo17.s	OK	0.335185	14.4462	3.7635	-3.73391	0.000188527	0.00330675	yes
GRMZM2G078566	GRMZM2G078566	GRMZM2G078566	Chr5:15433111-15436333	B73.s	Mo17.s	OK	0.120014	4.30752	3.58051	-3.73239	0.000189668	0.00331831	yes
GRMZM2G379563	GRMZM2G379563	GRMZM2G379563	Chr2:195666253-195668303	B73.s	Mo17.s	OK	0.0187089	5.59116	5.69994	-3.7318	0.000190116	0.00332193	yes
GRMZM2G044797	GRMZM2G044797	GRMZM2G044797	Chr8:125299767-125302400	B73.s	Mo17.s	OK	1.68376	0.0219859	-4.33838	3.7285	0.000192625	0.00335866	yes
GRMZM2G113378	GRMZM2G113378	GRMZM2G113378	Chr8:9008369-9026462	B73.s	Mo17.s	OK	0.392335	16.2574	3.72419	-3.72244	0.000197307	0.00343451	yes
GRMZM2G017991	GRMZM2G017991	GRMZM2G017991	Chr5:170023165-170024332	B73.s	Mo17.s	OK	108.813	2.32243	-3.84702	3.72027	0.000199011	0.00345833	yes
GRMZM2G479684	GRMZM2G479684	GRMZM2G479684	Chr2:14620169-14620967	B73.s	Mo17.s	OK	65.214	4.50686	-2.67207	3.71704	0.000201568	0.00348811	yes
GRMZM2G151204	GRMZM2G151204	GRMZM2G151204	Chr5:205534513-205536486	B73.s	Mo17.s	OK	0.110336	5.58911	3.92505	-3.71604	0.000202372	0.0034947	yes
GRMZM2G161891	GRMZM2G161891	GRMZM2G161891	Chr9:155586842-155587852	B73.s	Mo17.s	OK	0.112291	5.05628	3.8073	-3.70986	0.000207374	0.00356617	yes
GRMZM2G167549	GRMZM2G167549	GRMZM2G167549	Chr4:2998633-3001404	B73.s	Mo17.s	OK	485.149	132.761	-1.29591	3.70877	0.000208272	0.00357418	yes
GRMZM2G014580	GRMZM2G014580	GRMZM2G014580	Chr8:27665710-27667622	B73.s	Mo17.s	OK	0.084299	3.76554	3.79928	-3.70629	0.000210315	0.00359878	yes
GRMZM2G162098	GRMZM2G162098	GRMZM2G162098	Chr5:55431017-55435275	B73.s	Mo17.s	OK	0.161516	6.70681	3.72627	-3.70471	0.000211636	0.00361839	yes
