
Found perl:
   /usr/bin/perl
   This is perl 5, version 18, subversion 4 (v5.18.4) built for darwin-thread-multi-2level

Found java:
   /usr/bin/java
   java version "11.0.19" 2023-04-18 LTS

Found canu:
   /Users/pfb11/problemsets/genome-assembly/canu-2.2/bin/canu
   canu 2.2

Running job 1 based on command line options.

Attempting to increase maximum allowed processes and open files.
  Changed max processes per user from 2784 to 2784 (max 4176).
./scripts/2-sort.sh: line 78: [: unlimited: integer expression expected
  Max open files limited to 256, no increase possible.


Finding overlaps.
  found     189387 overlaps in './ecoli-75.ovlStore.BUILDING/bucket0001/sliceSizes'.

Loading     189387 overlaps using 0.00 GB of allowed (-M) 1 GB memory.
  loading     189387 overlaps from './ecoli-75.ovlStore.BUILDING/bucket0001/slice0001'.

Sorting.

Writing sorted overlaps.
  created './ecoli-75.ovlStore.BUILDING/0001' with 189387 overlaps for reads 1 to 9261.

Removing bucketized overlaps.

Success!
