
Found 1 command tree.

Counting 58 (estimated) million canonical 22-mers from 1 input file:
    canu-seqStore: ../../ecoli-75.seqStore


SIMPLE MODE
-----------

  Not possible.


COMPLEX MODE
------------

prefix     # of   struct   kmers/    segs/      min     data    total
  bits   prefix   memory   prefix   prefix   memory   memory   memory
------  -------  -------  -------  -------  -------  -------  -------
     1     2  P   320 kB    14 MM    19 kS  8192  B   157 MB   157 MB
     2     4  P   319 kB  7479 kM  9820  S    16 kB   153 MB   153 MB
     3     8  P   324 kB  3739 kM  4793  S    32 kB   149 MB   150 MB
     4    16  P   342 kB  1869 kM  2338  S    64 kB   146 MB   146 MB
     5    32  P   386 kB   934 kM  1140  S   128 kB   142 MB   142 MB
     6    64  P   480 kB   467 kM   556  S   256 kB   139 MB   139 MB
     7   128  P   675 kB   233 kM   271  S   512 kB   135 MB   136 MB
     8   256  P  1072 kB   116 kM   132  S  1024 kB   132 MB   133 MB
     9   512  P  1872 kB    58 kM    64  S  2048 kB   128 MB   129 MB
    10  1024  P  3488 kB    29 kM    32  S  4096 kB   128 MB   131 MB  Best Value!
    11  2048  P  6720 kB    14 kM    16  S  8192 kB   128 MB   134 MB
    12  4096  P    12 MB  7480  M     8  S    16 MB   128 MB   140 MB
    13  8192  P    25 MB  3740  M     4  S    32 MB   128 MB   153 MB
    14    16 kP    50 MB  1870  M     2  S    64 MB   128 MB   178 MB
    15    32 kP   101 MB   935  M     1  S   128 MB   128 MB   229 MB
    16    64 kP   202 MB   468  M     1  S   256 MB   256 MB   458 MB
    17   128 kP   405 MB   234  M     1  S   512 MB   512 MB   917 MB
    18   256 kP   810 MB   117  M     1  S  1024 MB  1024 MB  1834 MB
    19   512 kP  1620 MB    59  M     1  S  2048 MB  2048 MB  3668 MB
    20  1024 kP  3240 MB    30  M     1  S  4096 MB  4096 MB  7336 MB


FINAL CONFIGURATION
-------------------

Estimated to require 255 MB memory out of 2048 MB allowed.
Estimated to require 2 batches.

Configured complex mode for 0.250 GB memory per batch, and up to 2 batches.

Start counting with THREADED method.

Cleaning up.

Bye.
