
Found perl:
   /usr/bin/perl
   This is perl 5, version 18, subversion 4 (v5.18.4) built for darwin-thread-multi-2level

Found java:
   /usr/bin/java
   java version "11.0.19" 2023-04-18 LTS

Found canu:
   /Users/pfb11/problemsets/genome-assembly/canu-2.2/bin/canu
   canu 2.2

Running job 1 based on command line options.

Found 1 command tree.

PROCESSING TREE #1 using 4 threads.
  opGreaterThan
    threshold=1
    opUnionSum
      ./ecoli-75.01.meryl
    output to ecoli-75.ms22.WORKING

Cleaning up.

Bye.

Found 1 command tree.

Found 1 command tree.

PROCESSING TREE #1 using 4 threads.
  opAtLeast
    threshold=153
    fraction-distinct=0.999900
    ./ecoli-75.ms22
    print to ./ecoli-75.ms22.##.dump

Cleaning up.

Bye.

Found 1 command tree.
