
Found 1 command tree.

Counting 78 (estimated) million canonical 22-mers from 1 input file:
    canu-seqStore: ../../ecoli-75.seqStore


SIMPLE MODE
-----------

  Not possible.


COMPLEX MODE
------------

prefix     # of   struct   kmers/    segs/      min     data    total
  bits   prefix   memory   prefix   prefix   memory   memory   memory
------  -------  -------  -------  -------  -------  -------  -------
     1     2  P   430 kB    19 MM    26 kS  8192  B   211 MB   212 MB
     2     4  P   426 kB     9 MM    12 kS    16 kB   207 MB   207 MB
     3     8  P   429 kB  5047 kM  6469  S    32 kB   202 MB   202 MB
     4    16  P   445 kB  2523 kM  3156  S    64 kB   197 MB   197 MB
     5    32  P   485 kB  1261 kM  1539  S   128 kB   192 MB   192 MB
     6    64  P   577 kB   630 kM   750  S   256 kB   187 MB   188 MB
     7   128  P   770 kB   315 kM   366  S   512 kB   183 MB   183 MB
     8   256  P  1164 kB   157 kM   178  S  1024 kB   178 MB   179 MB
     9   512  P  1964 kB    78 kM    87  S  2048 kB   174 MB   175 MB
    10  1024  P  3568 kB    39 kM    42  S  4096 kB   168 MB   171 MB  Best Value!
    11  2048  P  6800 kB    19 kM    21  S  8192 kB   168 MB   174 MB
    12  4096  P    12 MB     9 kM    10  S    16 MB   160 MB   172 MB
    13  8192  P    25 MB  5048  M     5  S    32 MB   160 MB   185 MB
    14    16 kP    50 MB  2524  M     3  S    64 MB   192 MB   242 MB
    15    32 kP   101 MB  1262  M     2  S   128 MB   256 MB   357 MB
    16    64 kP   202 MB   631  M     1  S   256 MB   256 MB   458 MB
    17   128 kP   405 MB   316  M     1  S   512 MB   512 MB   917 MB
    18   256 kP   810 MB   158  M     1  S  1024 MB  1024 MB  1834 MB
    19   512 kP  1620 MB    79  M     1  S  2048 MB  2048 MB  3668 MB
    20  1024 kP  3240 MB    40  M     1  S  4096 MB  4096 MB  7336 MB


FINAL CONFIGURATION
-------------------

Estimated to require 339 MB memory out of 2048 MB allowed.
Estimated to require 2 batches.

Configured complex mode for 0.332 GB memory per batch, and up to 2 batches.

Start counting with THREADED method.

Cleaning up.

Bye.
