
Found perl:
   /usr/bin/perl
   This is perl 5, version 18, subversion 4 (v5.18.4) built for darwin-thread-multi-2level

Found java:
   /usr/bin/java
   java version "11.0.19" 2023-04-18 LTS

Found canu:
   /Users/pfb11/problemsets/genome-assembly/canu-2.2/bin/canu
   canu 2.2


Creating library 'pacbio' for PacBio raw reads.

               reads               bases
---------- --------- ------ ------------ ------
Loaded         12528  95.5%    115899341  99.7%  /Users/pfb11/problemsets/genome-assembly/pacbio.fastq
Short            596   4.5%       364443   0.3%


All reads processed.

               reads               bases
---------- --------- ------ ------------ ------
Loaded         12528  95.5%    115899341  99.7%
Short            596   4.5%       364443   0.3%


Bye.
