
Configuring for:
  hash table:       80000000 bases.
  read stream:    1000000000 bases.


       Raw          Raw  Corrected    Corrected    Trimmed      Trimmed
     Reads        Bases      Reads        Bases      Reads        Bases
---------- ------------ ---------- ------------ ---------- ------------
       242      2253559        237      2155259        237      2155259
       484      4342254        474      4133509        474      4133509
       726      6416802        709      6099731        709      6099731
       968      8718421        948      8283070        948      8283070
      1210     10780574       1185     10251857       1185     10251857
      1452     13135153       1420     12485091       1420     12485091
      1694     15440116       1655     14658450       1655     14658450
      1936     17664636       1890     16757480       1890     16757480
      2178     19746621       2120     18683590       2120     18683590
      2420     22004436       2355     20817703       2355     20817703
      2662     24211830       2590     22883230       2590     22883230
      2904     26699627       2829     25269234       2829     25269234
      3146     29312462       3067     27755445       3067     27755445
      3388     31527536       3302     29843161       3302     29843161
      3630     33737447       3535     31938870       3535     31938870
      3872     35971891       3766     34028408       3766     34028408
      4114     38145502       4002     36076141       4002     36076141
      4356     40186629       4236     38011473       4236     38011473
      4598     42545561       4475     40260172       4475     40260172
      4840     44783859       4713     42377127       4713     42377127
      5082     46722900       4948     44213890       4948     44213890
      5324     48976470       5186     46354108       5186     46354108
      5566     51140405       5421     48393707       5421     48393707
      5808     53393225       5659     50518676       5659     50518676
      6050     55646752       5892     52616533       5892     52616533
      6292     57957828       6124     54778614       6124     54778614
      6534     60262729       6356     56947492       6356     56947492
      6776     62483642       6594     59040604       6594     59040604
      7018     64738452       6829     61171672       6829     61171672
      7260     67025106       7067     63361295       7067     63361295
      7502     69390761       7299     65577795       7299     65577795
      7744     71544135       7533     67622502       7533     67622502
      7986     73883524       7770     69842502       7770     69842502
      8228     75849045       8010     71700410       8010     71700410
      8470     78088790       8248     73841806       8248     73841806
      8712     80327332       8484     75966631       8484     75966631
      8954     82570772       8721     78108307       8721     78108307
      9196     85103571       8958     80512138       8958     80512138
---------- ------------ ---------- ------------ ---------- ------------
      9424     87459672       9176     82697765       9176     82697765

  Job       Hash Range        # Reads      # Bases      Stream Range        # Reads      # Bases
----- --------------------- --------- ------------  --------------------- --------- ------------
    1          1-9424            7501     61279937           1-9424            7501     61279937
