
Found perl:
   /usr/bin/perl
   This is perl 5, version 18, subversion 4 (v5.18.4) built for darwin-thread-multi-2level

Found java:
   /usr/bin/java
   java version "11.0.19" 2023-04-18 LTS

Found canu:
   /Users/pfb11/problemsets/genome-assembly/canu-2.2/bin/canu
   canu 2.2

Running job 1 based on command line options.
sqCache: found 7501 corrected-trimmed reads with 61272436 bases.
Initializing 8 work areas.
Loading reference reads 1-9424 inclusive.
Loading 7501 reads and 61272436 bases from range 1-9424 inclusive.
Loading        1 <     4567 <     9424 -   48.46% - 0.01 GBLoading        1 <     9134 <     9424 -   96.92% - 0.02 GBLoading        1 <     9424 <     9424 -  100.00% - 0.02 GB
Build_Hash_Index from 1 to 9424

Found 7501 reads with length 61279937 to load; 1923 skipped by being too short; 0 skipped per library restriction
String_Ct:           0/        9424  totalLen:        5908/    61279937  Hash_Entries:        5886/    70464307  Load: 0.01%
HASH LOADING STOPPED: curID            9424 out of         9424
HASH LOADING STOPPED: length       61279937 out of     61279937 max.
HASH LOADING STOPPED: entries      13641284 out of     70464307 max (load 15.49).

Read 547 kmers to mark to skip


Range: 1-9424.  Store has 9424 reads.
Chunk: 148 reads/thread -- (G.endRefID=9424 - G.bgnRefID=1) / G.Num_PThreads=8 / 8

Starting 1-9424 with 148 per thread

Thread 03 processes reads 445-592
Thread 06 processes reads 889-1036
Thread 01 processes reads 149-296
Thread 04 processes reads 593-740
Thread 07 processes reads 1037-1184
Thread 02 processes reads 297-444
Thread 05 processes reads 741-888
Thread 00 processes reads 1-148
Thread 07 writes    reads 1037-1184 (2667 overlaps 2667/5699/0 kmer hits with/without overlap/skipped)
Thread 07 processes reads 1185-1332
Thread 06 writes    reads 889-1036 (2928 overlaps 2928/7681/0 kmer hits with/without overlap/skipped)
Thread 06 processes reads 1333-1480
Thread 01 writes    reads 149-296 (2898 overlaps 2898/7149/0 kmer hits with/without overlap/skipped)
Thread 01 processes reads 1481-1628
Thread 03 writes    reads 445-592 (2602 overlaps 2602/6894/0 kmer hits with/without overlap/skipped)
Thread 03 processes reads 1629-1776
Thread 04 writes    reads 593-740 (2806 overlaps 2806/9671/0 kmer hits with/without overlap/skipped)
Thread 04 processes reads 1777-1924
Thread 05 writes    reads 741-888 (2572 overlaps 2572/6800/0 kmer hits with/without overlap/skipped)
Thread 05 processes reads 1925-2072
Thread 02 writes    reads 297-444 (2796 overlaps 2796/9196/0 kmer hits with/without overlap/skipped)
Thread 02 processes reads 2073-2220
Thread 00 writes    reads 1-148 (2969 overlaps 2969/8386/0 kmer hits with/without overlap/skipped)
Thread 00 processes reads 2221-2368
Thread 07 writes    reads 1185-1332 (2961 overlaps 2961/8096/0 kmer hits with/without overlap/skipped)
Thread 07 processes reads 2369-2516
Thread 02 writes    reads 2073-2220 (2104 overlaps 2104/6218/0 kmer hits with/without overlap/skipped)
Thread 02 processes reads 2517-2664
Thread 03 writes    reads 1629-1776 (2246 overlaps 2246/6357/0 kmer hits with/without overlap/skipped)
Thread 03 processes reads 2665-2812
Thread 04 writes    reads 1777-1924 (2858 overlaps 2858/6231/0 kmer hits with/without overlap/skipped)
Thread 04 processes reads 2813-2960
Thread 05 writes    reads 1925-2072 (2365 overlaps 2365/7492/0 kmer hits with/without overlap/skipped)
Thread 05 processes reads 2961-3108
Thread 01 writes    reads 1481-1628 (2543 overlaps 2543/9361/0 kmer hits with/without overlap/skipped)
Thread 01 processes reads 3109-3256
Thread 00 writes    reads 2221-2368 (2336 overlaps 2336/7543/0 kmer hits with/without overlap/skipped)
Thread 00 processes reads 3257-3404
Thread 06 writes    reads 1333-1480 (2688 overlaps 2688/9215/0 kmer hits with/without overlap/skipped)
Thread 06 processes reads 3405-3552
Thread 07 writes    reads 2369-2516 (2227 overlaps 2227/6838/0 kmer hits with/without overlap/skipped)
Thread 07 processes reads 3553-3700
Thread 03 writes    reads 2665-2812 (2144 overlaps 2144/5741/0 kmer hits with/without overlap/skipped)
Thread 03 processes reads 3701-3848
Thread 06 writes    reads 3405-3552 (1735 overlaps 1735/4216/0 kmer hits with/without overlap/skipped)
Thread 06 processes reads 3849-3996
Thread 02 writes    reads 2517-2664 (2097 overlaps 2097/5115/0 kmer hits with/without overlap/skipped)
Thread 02 processes reads 3997-4144
Thread 04 writes    reads 2813-2960 (2329 overlaps 2329/7812/0 kmer hits with/without overlap/skipped)
Thread 04 processes reads 4145-4292
Thread 07 writes    reads 3553-3700 (1931 overlaps 1931/5346/0 kmer hits with/without overlap/skipped)
Thread 07 processes reads 4293-4440
Thread 05 writes    reads 2961-3108 (2177 overlaps 2177/6614/0 kmer hits with/without overlap/skipped)
Thread 05 processes reads 4441-4588
Thread 00 writes    reads 3257-3404 (1841 overlaps 1841/4748/0 kmer hits with/without overlap/skipped)
Thread 00 processes reads 4589-4736
Thread 01 writes    reads 3109-3256 (2115 overlaps 2115/6896/0 kmer hits with/without overlap/skipped)
Thread 01 processes reads 4737-4884
Thread 06 writes    reads 3849-3996 (1748 overlaps 1748/4767/0 kmer hits with/without overlap/skipped)
Thread 06 processes reads 4885-5032
Thread 02 writes    reads 3997-4144 (1731 overlaps 1731/7549/0 kmer hits with/without overlap/skipped)
Thread 02 processes reads 5033-5180
Thread 04 writes    reads 4145-4292 (1446 overlaps 1446/4498/0 kmer hits with/without overlap/skipped)
Thread 04 processes reads 5181-5328
Thread 03 writes    reads 3701-3848 (1863 overlaps 1863/6218/0 kmer hits with/without overlap/skipped)
Thread 03 processes reads 5329-5476
Thread 01 writes    reads 4737-4884 (1306 overlaps 1306/2601/0 kmer hits with/without overlap/skipped)
Thread 01 processes reads 5477-5624
Thread 07 writes    reads 4293-4440 (1735 overlaps 1735/5222/0 kmer hits with/without overlap/skipped)
Thread 07 processes reads 5625-5772
Thread 00 writes    reads 4589-4736 (1587 overlaps 1587/4446/0 kmer hits with/without overlap/skipped)
Thread 00 processes reads 5773-5920
Thread 05 writes    reads 4441-4588 (1650 overlaps 1650/5535/0 kmer hits with/without overlap/skipped)
Thread 05 processes reads 5921-6068
Thread 02 writes    reads 5033-5180 (1377 overlaps 1377/4595/0 kmer hits with/without overlap/skipped)
Thread 02 processes reads 6069-6216
Thread 06 writes    reads 4885-5032 (1331 overlaps 1331/3646/0 kmer hits with/without overlap/skipped)
Thread 06 processes reads 6217-6364
Thread 04 writes    reads 5181-5328 (1353 overlaps 1353/4038/0 kmer hits with/without overlap/skipped)
Thread 04 processes reads 6365-6512
Thread 00 writes    reads 5773-5920 (1127 overlaps 1127/3202/0 kmer hits with/without overlap/skipped)
Thread 00 processes reads 6513-6660
Thread 07 writes    reads 5625-5772 (1089 overlaps 1089/4141/0 kmer hits with/without overlap/skipped)
Thread 07 processes reads 6661-6808
Thread 01 writes    reads 5477-5624 (1372 overlaps 1372/3901/0 kmer hits with/without overlap/skipped)
Thread 01 processes reads 6809-6956
Thread 03 writes    reads 5329-5476 (1272 overlaps 1272/3883/0 kmer hits with/without overlap/skipped)
Thread 03 processes reads 6957-7104
Thread 05 writes    reads 5921-6068 (1122 overlaps 1122/3065/0 kmer hits with/without overlap/skipped)
Thread 05 processes reads 7105-7252
Thread 02 writes    reads 6069-6216 (1000 overlaps 1000/3129/0 kmer hits with/without overlap/skipped)
Thread 02 processes reads 7253-7400
Thread 06 writes    reads 6217-6364 (918 overlaps 918/3651/0 kmer hits with/without overlap/skipped)
Thread 06 processes reads 7401-7548
Thread 00 writes    reads 6513-6660 (843 overlaps 843/2930/0 kmer hits with/without overlap/skipped)
Thread 00 processes reads 7549-7696
Thread 04 writes    reads 6365-6512 (996 overlaps 996/2502/0 kmer hits with/without overlap/skipped)
Thread 04 processes reads 7697-7844
Thread 01 writes    reads 6809-6956 (838 overlaps 838/2891/0 kmer hits with/without overlap/skipped)
Thread 01 processes reads 7845-7992
Thread 03 writes    reads 6957-7104 (869 overlaps 869/2284/0 kmer hits with/without overlap/skipped)
Thread 03 processes reads 7993-8140
Thread 07 writes    reads 6661-6808 (879 overlaps 879/3571/0 kmer hits with/without overlap/skipped)
Thread 07 processes reads 8141-8288
Thread 06 writes    reads 7401-7548 (705 overlaps 705/1926/0 kmer hits with/without overlap/skipped)
Thread 06 processes reads 8289-8436
Thread 02 writes    reads 7253-7400 (639 overlaps 639/2296/0 kmer hits with/without overlap/skipped)
Thread 02 processes reads 8437-8584
Thread 03 writes    reads 7993-8140 (440 overlaps 440/1363/0 kmer hits with/without overlap/skipped)
Thread 03 processes reads 8585-8732
Thread 04 writes    reads 7697-7844 (610 overlaps 610/2232/0 kmer hits with/without overlap/skipped)
Thread 04 processes reads 8733-8880
Thread 00 writes    reads 7549-7696 (596 overlaps 596/1713/0 kmer hits with/without overlap/skipped)
Thread 00 processes reads 8881-9028
Thread 07 writes    reads 8141-8288 (408 overlaps 408/994/0 kmer hits with/without overlap/skipped)
Thread 07 processes reads 9029-9176
Thread 05 writes    reads 7105-7252 (682 overlaps 682/2175/0 kmer hits with/without overlap/skipped)
Thread 05 processes reads 9177-9324
Thread 01 writes    reads 7845-7992 (475 overlaps 475/1475/0 kmer hits with/without overlap/skipped)
Thread 01 processes reads 9325-9424
Thread 02 writes    reads 8437-8584 (302 overlaps 302/931/0 kmer hits with/without overlap/skipped)
Thread 06 writes    reads 8289-8436 (419 overlaps 419/1242/0 kmer hits with/without overlap/skipped)
Thread 01 writes    reads 9325-9424 (14 overlaps 14/40/0 kmer hits with/without overlap/skipped)
Thread 04 writes    reads 8733-8880 (256 overlaps 256/759/0 kmer hits with/without overlap/skipped)
Thread 03 writes    reads 8585-8732 (254 overlaps 254/854/0 kmer hits with/without overlap/skipped)
Thread 00 writes    reads 8881-9028 (159 overlaps 159/539/0 kmer hits with/without overlap/skipped)
Thread 07 writes    reads 9029-9176 (109 overlaps 109/502/0 kmer hits with/without overlap/skipped)
Thread 05 writes    reads 9177-9324 (91 overlaps 91/222/0 kmer hits with/without overlap/skipped)
Bye.
