
Found perl:
   /usr/bin/perl
   This is perl 5, version 18, subversion 4 (v5.18.4) built for darwin-thread-multi-2level

Found java:
   /usr/bin/java
   java version "11.0.19" 2023-04-18 LTS

Found canu:
   /Users/pfb11/problemsets/genome-assembly/canu-2.2/bin/canu
   canu 2.2

Running job 2 based on command line options.
sqCache: found 9176 corrected reads with 82697765 bases.
Initializing 8 work areas.
Loading reference reads 1-9424 inclusive.
Loading 9176 reads and 82697765 bases from range 1-9424 inclusive.
Loading        1 <     4567 <     9424 -   48.46% - 0.01 GBLoading        1 <     9134 <     9424 -   96.92% - 0.02 GBLoading        1 <     9424 <     9424 -  100.00% - 0.02 GB
Build_Hash_Index from 9146 to 9424

Found 269 reads with length 2697843 to load; 10 skipped by being too short; 0 skipped per library restriction
String_Ct:           0/         279  totalLen:       15292/     2697843  Hash_Entries:       15000/    70464307  Load: 0.02%
HASH LOADING STOPPED: curID            9424 out of         9424
HASH LOADING STOPPED: length        2697843 out of      2697843 max.
HASH LOADING STOPPED: entries       2405866 out of     70464307 max (load 2.73).

Read 579 kmers to mark to skip


Range: 1-9424.  Store has 9424 reads.
Chunk: 148 reads/thread -- (G.endRefID=9424 - G.bgnRefID=1) / G.Num_PThreads=8 / 8

Starting 1-9424 with 148 per thread

Thread 03 processes reads 445-592
Thread 01 processes reads 149-296
Thread 06 processes reads 889-1036
Thread 02 processes reads 297-444
Thread 04 processes reads 593-740
Thread 07 processes reads 1037-1184
Thread 00 processes reads 1-148
Thread 05 processes reads 741-888
Thread 03 writes    reads 445-592 (133 overlaps 133/529/0 kmer hits with/without overlap/skipped)
Thread 03 processes reads 1185-1332
Thread 06 writes    reads 889-1036 (123 overlaps 123/557/0 kmer hits with/without overlap/skipped)
Thread 06 processes reads 1333-1480
Thread 01 writes    reads 149-296 (143 overlaps 143/495/0 kmer hits with/without overlap/skipped)
Thread 01 processes reads 1481-1628
Thread 04 writes    reads 593-740 (168 overlaps 168/689/0 kmer hits with/without overlap/skipped)
Thread 04 processes reads 1629-1776
Thread 07 writes    reads 1037-1184 (161 overlaps 161/447/0 kmer hits with/without overlap/skipped)
Thread 07 processes reads 1777-1924
Thread 00 writes    reads 1-148 (163 overlaps 163/651/0 kmer hits with/without overlap/skipped)
Thread 00 processes reads 1925-2072
Thread 05 writes    reads 741-888 (136 overlaps 136/572/0 kmer hits with/without overlap/skipped)
Thread 05 processes reads 2073-2220
Thread 02 writes    reads 297-444 (111 overlaps 111/472/0 kmer hits with/without overlap/skipped)
Thread 02 processes reads 2221-2368
Thread 07 writes    reads 1777-1924 (167 overlaps 167/431/0 kmer hits with/without overlap/skipped)
Thread 07 processes reads 2369-2516
Thread 06 writes    reads 1333-1480 (194 overlaps 194/599/0 kmer hits with/without overlap/skipped)
Thread 06 processes reads 2517-2664
Thread 03 writes    reads 1185-1332 (168 overlaps 168/558/0 kmer hits with/without overlap/skipped)
Thread 03 processes reads 2665-2812
Thread 01 writes    reads 1481-1628 (189 overlaps 189/637/0 kmer hits with/without overlap/skipped)
Thread 01 processes reads 2813-2960
Thread 04 writes    reads 1629-1776 (148 overlaps 148/452/0 kmer hits with/without overlap/skipped)
Thread 04 processes reads 2961-3108
Thread 00 writes    reads 1925-2072 (165 overlaps 165/524/0 kmer hits with/without overlap/skipped)
Thread 00 processes reads 3109-3256
Thread 05 writes    reads 2073-2220 (125 overlaps 125/434/0 kmer hits with/without overlap/skipped)
Thread 05 processes reads 3257-3404
Thread 02 writes    reads 2221-2368 (157 overlaps 157/629/0 kmer hits with/without overlap/skipped)
Thread 02 processes reads 3405-3552
Thread 04 writes    reads 2961-3108 (190 overlaps 190/549/0 kmer hits with/without overlap/skipped)
Thread 04 processes reads 3553-3700
Thread 07 writes    reads 2369-2516 (144 overlaps 144/535/0 kmer hits with/without overlap/skipped)
Thread 07 processes reads 3701-3848
Thread 05 writes    reads 3257-3404 (151 overlaps 151/435/0 kmer hits with/without overlap/skipped)
Thread 05 processes reads 3849-3996
Thread 06 writes    reads 2517-2664 (177 overlaps 177/352/0 kmer hits with/without overlap/skipped)
Thread 06 processes reads 3997-4144
Thread 03 writes    reads 2665-2812 (151 overlaps 151/576/0 kmer hits with/without overlap/skipped)
Thread 03 processes reads 4145-4292
Thread 01 writes    reads 2813-2960 (176 overlaps 176/755/0 kmer hits with/without overlap/skipped)
Thread 01 processes reads 4293-4440
Thread 00 writes    reads 3109-3256 (158 overlaps 158/627/0 kmer hits with/without overlap/skipped)
Thread 00 processes reads 4441-4588
Thread 05 writes    reads 3849-3996 (149 overlaps 149/448/0 kmer hits with/without overlap/skipped)
Thread 05 processes reads 4589-4736
Thread 02 writes    reads 3405-3552 (136 overlaps 136/465/0 kmer hits with/without overlap/skipped)
Thread 02 processes reads 4737-4884
Thread 04 writes    reads 3553-3700 (154 overlaps 154/491/0 kmer hits with/without overlap/skipped)
Thread 04 processes reads 4885-5032
Thread 03 writes    reads 4145-4292 (159 overlaps 159/465/0 kmer hits with/without overlap/skipped)
Thread 03 processes reads 5033-5180
Thread 06 writes    reads 3997-4144 (166 overlaps 166/660/0 kmer hits with/without overlap/skipped)
Thread 06 processes reads 5181-5328
Thread 07 writes    reads 3701-3848 (158 overlaps 158/602/0 kmer hits with/without overlap/skipped)
Thread 07 processes reads 5329-5476
Thread 01 writes    reads 4293-4440 (186 overlaps 186/673/0 kmer hits with/without overlap/skipped)
Thread 01 processes reads 5477-5624
Thread 03 writes    reads 5033-5180 (163 overlaps 163/565/0 kmer hits with/without overlap/skipped)
Thread 03 processes reads 5625-5772
Thread 00 writes    reads 4441-4588 (153 overlaps 153/639/0 kmer hits with/without overlap/skipped)
Thread 00 processes reads 5773-5920
Thread 02 writes    reads 4737-4884 (120 overlaps 120/337/0 kmer hits with/without overlap/skipped)
Thread 02 processes reads 5921-6068
Thread 06 writes    reads 5181-5328 (136 overlaps 136/509/0 kmer hits with/without overlap/skipped)
Thread 06 processes reads 6069-6216
Thread 04 writes    reads 4885-5032 (144 overlaps 144/404/0 kmer hits with/without overlap/skipped)
Thread 04 processes reads 6217-6364
Thread 05 writes    reads 4589-4736 (132 overlaps 132/513/0 kmer hits with/without overlap/skipped)
Thread 05 processes reads 6365-6512
Thread 07 writes    reads 5329-5476 (134 overlaps 134/526/0 kmer hits with/without overlap/skipped)
Thread 07 processes reads 6513-6660
Thread 01 writes    reads 5477-5624 (154 overlaps 154/478/0 kmer hits with/without overlap/skipped)
Thread 01 processes reads 6661-6808
Thread 00 writes    reads 5773-5920 (142 overlaps 142/489/0 kmer hits with/without overlap/skipped)
Thread 00 processes reads 6809-6956
Thread 03 writes    reads 5625-5772 (153 overlaps 153/536/0 kmer hits with/without overlap/skipped)
Thread 03 processes reads 6957-7104
Thread 02 writes    reads 5921-6068 (134 overlaps 134/462/0 kmer hits with/without overlap/skipped)
Thread 02 processes reads 7105-7252
Thread 04 writes    reads 6217-6364 (140 overlaps 140/511/0 kmer hits with/without overlap/skipped)
Thread 04 processes reads 7253-7400
Thread 07 writes    reads 6513-6660 (147 overlaps 147/662/0 kmer hits with/without overlap/skipped)
Thread 07 processes reads 7401-7548
Thread 06 writes    reads 6069-6216 (143 overlaps 143/500/0 kmer hits with/without overlap/skipped)
Thread 06 processes reads 7549-7696
Thread 05 writes    reads 6365-6512 (156 overlaps 156/549/0 kmer hits with/without overlap/skipped)
Thread 05 processes reads 7697-7844
Thread 00 writes    reads 6809-6956 (136 overlaps 136/712/0 kmer hits with/without overlap/skipped)
Thread 00 processes reads 7845-7992
Thread 01 writes    reads 6661-6808 (164 overlaps 164/626/0 kmer hits with/without overlap/skipped)
Thread 01 processes reads 7993-8140
Thread 03 writes    reads 6957-7104 (187 overlaps 187/490/0 kmer hits with/without overlap/skipped)
Thread 03 processes reads 8141-8288
Thread 04 writes    reads 7253-7400 (184 overlaps 184/608/0 kmer hits with/without overlap/skipped)
Thread 04 processes reads 8289-8436
Thread 07 writes    reads 7401-7548 (164 overlaps 164/613/0 kmer hits with/without overlap/skipped)
Thread 07 processes reads 8437-8584
Thread 06 writes    reads 7549-7696 (191 overlaps 191/432/0 kmer hits with/without overlap/skipped)
Thread 06 processes reads 8585-8732
Thread 05 writes    reads 7697-7844 (137 overlaps 137/752/0 kmer hits with/without overlap/skipped)
Thread 05 processes reads 8733-8880
Thread 02 writes    reads 7105-7252 (140 overlaps 140/587/0 kmer hits with/without overlap/skipped)
Thread 02 processes reads 8881-9028
Thread 00 writes    reads 7845-7992 (134 overlaps 134/541/0 kmer hits with/without overlap/skipped)
Thread 00 processes reads 9029-9176
Thread 01 writes    reads 7993-8140 (104 overlaps 104/602/0 kmer hits with/without overlap/skipped)
Thread 01 processes reads 9177-9324
Thread 03 writes    reads 8141-8288 (152 overlaps 152/430/0 kmer hits with/without overlap/skipped)
Thread 03 processes reads 9325-9424
Thread 07 writes    reads 8437-8584 (123 overlaps 123/512/0 kmer hits with/without overlap/skipped)
Thread 06 writes    reads 8585-8732 (175 overlaps 175/677/0 kmer hits with/without overlap/skipped)
Thread 02 writes    reads 8881-9028 (128 overlaps 128/706/0 kmer hits with/without overlap/skipped)
Thread 05 writes    reads 8733-8880 (180 overlaps 180/536/0 kmer hits with/without overlap/skipped)
Thread 04 writes    reads 8289-8436 (178 overlaps 178/520/0 kmer hits with/without overlap/skipped)
Thread 03 writes    reads 9325-9424 (21 overlaps 21/75/0 kmer hits with/without overlap/skipped)
Thread 00 writes    reads 9029-9176 (142 overlaps 142/696/0 kmer hits with/without overlap/skipped)
Thread 01 writes    reads 9177-9324 (126 overlaps 126/370/0 kmer hits with/without overlap/skipped)
Bye.
